Build started 12/01/2016 23:29:09.
     1>Project "C:\Users\Jorge\OneDrive\Universidad\Cuarto\Cuatrimestre7\IG\Prácticas\VisualStudio\SmallPM\SmallPM\SmallPM_vs2010.vcxproj" on node 2 (Build target(s)).
     1>ClCompile:
         D:\Archivos de Programa\Visual Studio\VC\bin\CL.exe /c /I.\include /I.\SmallRT\include /I.\SmallPM\SmallRT\include /I.\SmallPM\include /ZI /nologo /W3 /WX- /Od /Oy- /D WIN32 /D _DEBUG /D _CONSOLE /D _UNICODE /D UNICODE /Gm /EHsc /RTC1 /MDd /GS /fp:precise /Zc:wchar_t /Zc:forScope /Fo"Debug\\" /Fd"Debug\vc120.pdb" /Gd /TP /analyze- /errorReport:prompt src\PhotonMapping.cpp
         PhotonMapping.cpp
     1>c:\users\jorge\onedrive\universidad\cuarto\cuatrimestre7\ig\prácticas\visualstudio\smallpm\smallpm\smallrt\include\ray.h(26): warning C4305: 'initializing' : truncation from 'double' to 'const float'
     1>c:\users\jorge\onedrive\universidad\cuarto\cuatrimestre7\ig\prácticas\visualstudio\smallpm\smallpm\src\photonmapping.cpp(109): warning C4244: 'argument' : conversion from 'double' to 'const float', possible loss of data
     1>c:\users\jorge\onedrive\universidad\cuarto\cuatrimestre7\ig\prácticas\visualstudio\smallpm\smallpm\src\photonmapping.cpp(144): warning C4244: 'initializing' : conversion from 'double' to 'float', possible loss of data
     1>c:\users\jorge\onedrive\universidad\cuarto\cuatrimestre7\ig\prácticas\visualstudio\smallpm\smallpm\src\photonmapping.cpp(151): warning C4244: 'argument' : conversion from 'unsigned int' to 'const float', possible loss of data
     1>c:\users\jorge\onedrive\universidad\cuarto\cuatrimestre7\ig\prácticas\visualstudio\smallpm\smallpm\src\photonmapping.cpp(159): warning C4244: 'initializing' : conversion from 'int' to 'float', possible loss of data
     1>c:\users\jorge\onedrive\universidad\cuarto\cuatrimestre7\ig\prácticas\visualstudio\smallpm\smallpm\src\photonmapping.cpp(165): warning C4244: '=' : conversion from 'double' to 'float', possible loss of data
     1>c:\users\jorge\onedrive\universidad\cuarto\cuatrimestre7\ig\prácticas\visualstudio\smallpm\smallpm\src\photonmapping.cpp(167): warning C4244: 'argument' : conversion from 'double' to 'const float', possible loss of data
     1>c:\users\jorge\onedrive\universidad\cuarto\cuatrimestre7\ig\prácticas\visualstudio\smallpm\smallpm\src\photonmapping.cpp(232): warning C4244: 'argument' : conversion from 'double' to 'const float', possible loss of data
     1>c:\users\jorge\onedrive\universidad\cuarto\cuatrimestre7\ig\prácticas\visualstudio\smallpm\smallpm\src\photonmapping.cpp(257): warning C4244: 'initializing' : conversion from 'double' to 'float', possible loss of data
     1>c:\users\jorge\onedrive\universidad\cuarto\cuatrimestre7\ig\prácticas\visualstudio\smallpm\smallpm\src\photonmapping.cpp(258): warning C4244: 'initializing' : conversion from 'double' to 'float', possible loss of data
     1>c:\users\jorge\onedrive\universidad\cuarto\cuatrimestre7\ig\prácticas\visualstudio\smallpm\smallpm\src\photonmapping.cpp(266): warning C4018: '<' : signed/unsigned mismatch
     1>c:\users\jorge\onedrive\universidad\cuarto\cuatrimestre7\ig\prácticas\visualstudio\smallpm\smallpm\src\photonmapping.cpp(281): warning C4244: 'argument' : conversion from 'double' to 'const float', possible loss of data
     1>c:\users\jorge\onedrive\universidad\cuarto\cuatrimestre7\ig\prácticas\visualstudio\smallpm\smallpm\src\photonmapping.cpp(287): warning C4244: 'argument' : conversion from 'double' to 'const float', possible loss of data
     1>c:\users\jorge\onedrive\universidad\cuarto\cuatrimestre7\ig\prácticas\visualstudio\smallpm\smallpm\src\photonmapping.cpp(297): warning C4018: '<' : signed/unsigned mismatch
     1>c:\users\jorge\onedrive\universidad\cuarto\cuatrimestre7\ig\prácticas\visualstudio\smallpm\smallpm\src\photonmapping.cpp(311): warning C4244: 'argument' : conversion from 'double' to 'const float', possible loss of data
     1>c:\users\jorge\onedrive\universidad\cuarto\cuatrimestre7\ig\prácticas\visualstudio\smallpm\smallpm\src\photonmapping.cpp(317): warning C4244: 'argument' : conversion from 'double' to 'const float', possible loss of data
     1>c:\users\jorge\onedrive\universidad\cuarto\cuatrimestre7\ig\prácticas\visualstudio\smallpm\smallpm\include\kdtree.h(222): warning C4018: '<' : signed/unsigned mismatch
                 c:\users\jorge\onedrive\universidad\cuarto\cuatrimestre7\ig\prácticas\visualstudio\smallpm\smallpm\include\kdtree.h(216) : while compiling class template member function 'void KDTree<PhotonMapping::Photon,3>::find(const std::vector<float,std::allocator<_Ty>> &,int,int,float &,std::vector<const KDTree<PhotonMapping::Photon,3>::Node *,std::allocator<const KDTree<PhotonMapping::Photon,3>::Node>> &,std::vector<std::pair<int,float>,std::allocator<std::pair<int,float>>> &) const'
                 with
                 [
                     _Ty=float
                 ]
                 c:\users\jorge\onedrive\universidad\cuarto\cuatrimestre7\ig\prácticas\visualstudio\smallpm\smallpm\include\kdtree.h(123) : see reference to function template instantiation 'void KDTree<PhotonMapping::Photon,3>::find(const std::vector<float,std::allocator<_Ty>> &,int,int,float &,std::vector<const KDTree<PhotonMapping::Photon,3>::Node *,std::allocator<const KDTree<PhotonMapping::Photon,3>::Node>> &,std::vector<std::pair<int,float>,std::allocator<std::pair<int,float>>> &) const' being compiled
                 with
                 [
                     _Ty=float
                 ]
                 c:\users\jorge\onedrive\universidad\cuarto\cuatrimestre7\ig\prácticas\visualstudio\smallpm\smallpm\include\photonmapping.h(58) : see reference to class template instantiation 'KDTree<PhotonMapping::Photon,3>' being compiled
     1>c:\users\jorge\onedrive\universidad\cuarto\cuatrimestre7\ig\prácticas\visualstudio\smallpm\smallpm\include\kdtree.h(226): warning C4018: '<' : signed/unsigned mismatch
     1>c:\users\jorge\onedrive\universidad\cuarto\cuatrimestre7\ig\prácticas\visualstudio\smallpm\smallpm\include\kdtree.h(175): warning C4018: '<' : signed/unsigned mismatch
                 c:\users\jorge\onedrive\universidad\cuarto\cuatrimestre7\ig\prácticas\visualstudio\smallpm\smallpm\include\kdtree.h(173) : while compiling class template member function 'void KDTree<PhotonMapping::Photon,3>::update_heap_nodes(const KDTree<PhotonMapping::Photon,3>::Node &,const float,int,std::vector<const KDTree<PhotonMapping::Photon,3>::Node *,std::allocator<_Ty>> &,std::vector<std::pair<int,float>,std::allocator<std::pair<int,float>>> &) const'
                 with
                 [
                     _Ty=const KDTree<PhotonMapping::Photon,3>::Node *
                 ]
                 c:\users\jorge\onedrive\universidad\cuarto\cuatrimestre7\ig\prácticas\visualstudio\smallpm\smallpm\include\kdtree.h(221) : see reference to function template instantiation 'void KDTree<PhotonMapping::Photon,3>::update_heap_nodes(const KDTree<PhotonMapping::Photon,3>::Node &,const float,int,std::vector<const KDTree<PhotonMapping::Photon,3>::Node *,std::allocator<_Ty>> &,std::vector<std::pair<int,float>,std::allocator<std::pair<int,float>>> &) const' being compiled
                 with
                 [
                     _Ty=const KDTree<PhotonMapping::Photon,3>::Node *
                 ]
                 c:\users\jorge\onedrive\universidad\cuarto\cuatrimestre7\ig\prácticas\visualstudio\smallpm\smallpm\include\kdtree.h(368) : while compiling class template member function 'void KDTree<PhotonMapping::Photon,3>::balance(void)'
                 c:\users\jorge\onedrive\universidad\cuarto\cuatrimestre7\ig\prácticas\visualstudio\smallpm\smallpm\src\photonmapping.cpp(179) : see reference to function template instantiation 'void KDTree<PhotonMapping::Photon,3>::balance(void)' being compiled
       Link:
         D:\Archivos de Programa\Visual Studio\VC\bin\link.exe /ERRORREPORT:PROMPT /OUT:"C:\Users\Jorge\OneDrive\Universidad\Cuarto\Cuatrimestre7\IG\Prácticas\VisualStudio\SmallPM\Debug\SmallPM.exe" /INCREMENTAL:NO /NOLOGO /LIBPATH:.\SmallRT\lib /LIBPATH:.\SmallPM\SmallRT\lib SmallRTd_vs2013.lib kernel32.lib user32.lib gdi32.lib winspool.lib comdlg32.lib advapi32.lib shell32.lib ole32.lib oleaut32.lib uuid.lib odbc32.lib odbccp32.lib /MANIFEST /MANIFESTUAC:"level='asInvoker' uiAccess='false'" /manifest:embed /DEBUG /PDB:"C:\Users\Jorge\OneDrive\Universidad\Cuarto\Cuatrimestre7\IG\Prácticas\VisualStudio\SmallPM\Debug\SmallPM.pdb" /SUBSYSTEM:CONSOLE /TLBID:1 /DYNAMICBASE /NXCOMPAT /IMPLIB:"C:\Users\Jorge\OneDrive\Universidad\Cuarto\Cuatrimestre7\IG\Prácticas\VisualStudio\SmallPM\Debug\SmallPM.lib" /MACHINE:X86 /SAFESEH Debug\main.obj
         Debug\PhotonMapping.obj
         Debug\RenderEngine.obj
     1>main.obj : warning LNK4075: ignoring '/EDITANDCONTINUE' due to '/OPT:LBR' specification
     1>SmallRTd_vs2013.lib(Camera.obj) : warning LNK4099: PDB 'vc120.pdb' was not found with 'SmallRTd_vs2013.lib(Camera.obj)' or at 'C:\Users\Jorge\OneDrive\Universidad\Cuarto\Cuatrimestre7\IG\Prácticas\VisualStudio\SmallPM\Debug\vc120.pdb'; linking object as if no debug info
     1>SmallRTd_vs2013.lib(Film.obj) : warning LNK4099: PDB 'vc120.pdb' was not found with 'SmallRTd_vs2013.lib(Film.obj)' or at 'C:\Users\Jorge\OneDrive\Universidad\Cuarto\Cuatrimestre7\IG\Prácticas\VisualStudio\SmallPM\Debug\vc120.pdb'; linking object as if no debug info
     1>SmallRTd_vs2013.lib(Intersection.obj) : warning LNK4099: PDB 'vc120.pdb' was not found with 'SmallRTd_vs2013.lib(Intersection.obj)' or at 'C:\Users\Jorge\OneDrive\Universidad\Cuarto\Cuatrimestre7\IG\Prácticas\VisualStudio\SmallPM\Debug\vc120.pdb'; linking object as if no debug info
     1>SmallRTd_vs2013.lib(LightSource.obj) : warning LNK4099: PDB 'vc120.pdb' was not found with 'SmallRTd_vs2013.lib(LightSource.obj)' or at 'C:\Users\Jorge\OneDrive\Universidad\Cuarto\Cuatrimestre7\IG\Prácticas\VisualStudio\SmallPM\Debug\vc120.pdb'; linking object as if no debug info
     1>SmallRTd_vs2013.lib(Ray.obj) : warning LNK4099: PDB 'vc120.pdb' was not found with 'SmallRTd_vs2013.lib(Ray.obj)' or at 'C:\Users\Jorge\OneDrive\Universidad\Cuarto\Cuatrimestre7\IG\Prácticas\VisualStudio\SmallPM\Debug\vc120.pdb'; linking object as if no debug info
     1>SmallRTd_vs2013.lib(Vector2.obj) : warning LNK4099: PDB 'vc120.pdb' was not found with 'SmallRTd_vs2013.lib(Vector2.obj)' or at 'C:\Users\Jorge\OneDrive\Universidad\Cuarto\Cuatrimestre7\IG\Prácticas\VisualStudio\SmallPM\Debug\vc120.pdb'; linking object as if no debug info
     1>SmallRTd_vs2013.lib(Vector3.obj) : warning LNK4099: PDB 'vc120.pdb' was not found with 'SmallRTd_vs2013.lib(Vector3.obj)' or at 'C:\Users\Jorge\OneDrive\Universidad\Cuarto\Cuatrimestre7\IG\Prácticas\VisualStudio\SmallPM\Debug\vc120.pdb'; linking object as if no debug info
     1>SmallRTd_vs2013.lib(World.obj) : warning LNK4099: PDB 'vc120.pdb' was not found with 'SmallRTd_vs2013.lib(World.obj)' or at 'C:\Users\Jorge\OneDrive\Universidad\Cuarto\Cuatrimestre7\IG\Prácticas\VisualStudio\SmallPM\Debug\vc120.pdb'; linking object as if no debug info
     1>SmallRTd_vs2013.lib(Lambertian.obj) : warning LNK4099: PDB 'vc120.pdb' was not found with 'SmallRTd_vs2013.lib(Lambertian.obj)' or at 'C:\Users\Jorge\OneDrive\Universidad\Cuarto\Cuatrimestre7\IG\Prácticas\VisualStudio\SmallPM\Debug\vc120.pdb'; linking object as if no debug info
     1>SmallRTd_vs2013.lib(Specular.obj) : warning LNK4099: PDB 'vc120.pdb' was not found with 'SmallRTd_vs2013.lib(Specular.obj)' or at 'C:\Users\Jorge\OneDrive\Universidad\Cuarto\Cuatrimestre7\IG\Prácticas\VisualStudio\SmallPM\Debug\vc120.pdb'; linking object as if no debug info
     1>SmallRTd_vs2013.lib(Transmissive.obj) : warning LNK4099: PDB 'vc120.pdb' was not found with 'SmallRTd_vs2013.lib(Transmissive.obj)' or at 'C:\Users\Jorge\OneDrive\Universidad\Cuarto\Cuatrimestre7\IG\Prácticas\VisualStudio\SmallPM\Debug\vc120.pdb'; linking object as if no debug info
     1>SmallRTd_vs2013.lib(BVH.obj) : warning LNK4099: PDB 'vc120.pdb' was not found with 'SmallRTd_vs2013.lib(BVH.obj)' or at 'C:\Users\Jorge\OneDrive\Universidad\Cuarto\Cuatrimestre7\IG\Prácticas\VisualStudio\SmallPM\Debug\vc120.pdb'; linking object as if no debug info
     1>SmallRTd_vs2013.lib(Mesh.obj) : warning LNK4099: PDB 'vc120.pdb' was not found with 'SmallRTd_vs2013.lib(Mesh.obj)' or at 'C:\Users\Jorge\OneDrive\Universidad\Cuarto\Cuatrimestre7\IG\Prácticas\VisualStudio\SmallPM\Debug\vc120.pdb'; linking object as if no debug info
     1>SmallRTd_vs2013.lib(Object3D.obj) : warning LNK4099: PDB 'vc120.pdb' was not found with 'SmallRTd_vs2013.lib(Object3D.obj)' or at 'C:\Users\Jorge\OneDrive\Universidad\Cuarto\Cuatrimestre7\IG\Prácticas\VisualStudio\SmallPM\Debug\vc120.pdb'; linking object as if no debug info
     1>SmallRTd_vs2013.lib(Sphere.obj) : warning LNK4099: PDB 'vc120.pdb' was not found with 'SmallRTd_vs2013.lib(Sphere.obj)' or at 'C:\Users\Jorge\OneDrive\Universidad\Cuarto\Cuatrimestre7\IG\Prácticas\VisualStudio\SmallPM\Debug\vc120.pdb'; linking object as if no debug info
     1>SmallRTd_vs2013.lib(Triangle.obj) : warning LNK4099: PDB 'vc120.pdb' was not found with 'SmallRTd_vs2013.lib(Triangle.obj)' or at 'C:\Users\Jorge\OneDrive\Universidad\Cuarto\Cuatrimestre7\IG\Prácticas\VisualStudio\SmallPM\Debug\vc120.pdb'; linking object as if no debug info
         SmallPM_vs2010.vcxproj -> C:\Users\Jorge\OneDrive\Universidad\Cuarto\Cuatrimestre7\IG\Prácticas\VisualStudio\SmallPM\Debug\SmallPM.exe
     1>Done Building Project "C:\Users\Jorge\OneDrive\Universidad\Cuarto\Cuatrimestre7\IG\Prácticas\VisualStudio\SmallPM\SmallPM\SmallPM_vs2010.vcxproj" (Build target(s)).

Build succeeded.

Time Elapsed 00:00:00.76
